<?xml version="1.0" encoding="UTF-8"?>
<!-- Generated by org.testng.reporters.JUnitReportReporter -->
<testsuite hostname="DESKTOP-3BNLRUB" failures="0" tests="1" name="appiumtests.AppiumBasics" time="0.029" errors="0" timestamp="2023-06-23T11:46:29 IST" skipped="0">
  <testcase classname="appiumtests.AppiumBasics" name="WifiSettingsName" time="0.029"/>
</testsuite> <!-- appiumtests.AppiumBasics -->
