<?xml version="1.0" encoding="UTF-8"?>
<!-- Generated by org.testng.reporters.JUnitReportReporter -->
<testsuite hostname="DESKTOP-3BNLRUB" failures="0" tests="1" name="appiumtests.eCommerce_tc_3" time="24.651" errors="0" timestamp="2023-06-23T17:39:20 IST" skipped="0">
  <testcase classname="appiumtests.eCommerce_tc_3" name="FillForm" time="24.651"/>
</testsuite> <!-- appiumtests.eCommerce_tc_3 -->
