<?xml version="1.0" encoding="UTF-8"?>
<!-- Generated by org.testng.reporters.JUnitReportReporter -->
<testsuite hostname="DESKTOP-3BNLRUB" failures="0" tests="1" name="appiumtests.LongPress" time="11.038" errors="0" timestamp="2023-06-21T18:44:15 IST" skipped="0">
  <testcase classname="appiumtests.LongPress" name="LongPressGesture" time="11.038"/>
</testsuite> <!-- appiumtests.LongPress -->
