<?xml version="1.0" encoding="UTF-8"?>
<!-- Generated by org.testng.reporters.JUnitReportReporter -->
<testsuite hostname="DESKTOP-3BNLRUB" failures="0" tests="1" name="appiumtests.DragDropDemo" time="8.482" errors="0" timestamp="2023-06-23T11:03:52 IST" skipped="0">
  <testcase classname="appiumtests.DragDropDemo" name="DragDropTest" time="8.482"/>
</testsuite> <!-- appiumtests.DragDropDemo -->
