<?xml version="1.0" encoding="UTF-8"?>
<!-- Generated by org.testng.reporters.JUnitReportReporter -->
<testsuite hostname="DESKTOP-3BNLRUB" failures="0" tests="2" name="appiumtests.CalculatorTest" time="40.249" errors="0" timestamp="2023-06-21T14:45:23 IST" skipped="1">
  <testcase classname="appiumtests.CalculatorTest" name="calculator" time="40.249"/>
  <testcase classname="appiumtests.CalculatorTest" name="OpenCalculator">
    <skipped/>
  </testcase> <!-- OpenCalculator -->
</testsuite> <!-- appiumtests.CalculatorTest -->
