<?xml version="1.0" encoding="UTF-8"?>
<!-- Generated by org.testng.reporters.JUnitReportReporter -->
<testsuite hostname="DESKTOP-3BNLRUB" failures="0" tests="1" name="appiumtests.eCommerce_tc_4_Hybrid" time="54.953" errors="0" timestamp="2023-06-23T21:47:06 IST" skipped="0">
  <testcase classname="appiumtests.eCommerce_tc_4_Hybrid" name="FillForm" time="54.953"/>
</testsuite> <!-- appiumtests.eCommerce_tc_4_Hybrid -->
