<?xml version="1.0" encoding="UTF-8"?>
<!-- Generated by org.testng.reporters.JUnitReportReporter -->
<testsuite hostname="DESKTOP-3BNLRUB" failures="0" tests="1" name="appiumtests.ScrollDemo" time="23.418" errors="0" timestamp="2023-06-21T20:30:35 IST" skipped="0">
  <testcase classname="appiumtests.ScrollDemo" name="ScrollDemoTest" time="23.418"/>
</testsuite> <!-- appiumtests.ScrollDemo -->
