<?xml version="1.0" encoding="UTF-8"?>
<!-- Generated by org.testng.reporters.JUnitReportReporter -->
<testsuite hostname="DESKTOP-3BNLRUB" failures="0" tests="1" name="appiumtests.SwipeDemo" time="10.076" errors="0" timestamp="2023-06-23T10:52:10 IST" skipped="0">
  <testcase classname="appiumtests.SwipeDemo" name="SwipeDemoTest" time="10.076"/>
</testsuite> <!-- appiumtests.SwipeDemo -->
