<?xml version="1.0" encoding="UTF-8"?>
<!-- Generated by org.testng.reporters.JUnitReportReporter -->
<testsuite hostname="DESKTOP-3BNLRUB" failures="0" tests="1" name="appiumtests.eCommerce_tc_2" time="12.859" errors="0" timestamp="2023-06-23T16:32:18 IST" skipped="0">
  <testcase classname="appiumtests.eCommerce_tc_2" name="FillForm" time="12.859"/>
</testsuite> <!-- appiumtests.eCommerce_tc_2 -->
