<?xml version="1.0" encoding="UTF-8"?>
<!-- Generated by org.testng.reporters.JUnitReportReporter -->
<testsuite hostname="DESKTOP-3BNLRUB" failures="0" tests="1" name="appiumtests.MisceallanousAppiumActions" time="20.031" errors="0" timestamp="2023-06-23T11:25:50 IST" skipped="0">
  <testcase classname="appiumtests.MisceallanousAppiumActions" name="Miscellanous" time="20.031"/>
</testsuite> <!-- appiumtests.MisceallanousAppiumActions -->
